<?xml version="1.0" encoding="UTF-8"?>
<testng-results skipped="0" failed="0" total="1" passed="1">
  <reporter-output>
  </reporter-output>
  <suite name="Default suite" duration-ms="12291" started-at="2016-11-23T09:33:32Z" finished-at="2016-11-23T09:33:45Z">
    <groups>
    </groups>
    <test name="Default test" duration-ms="12291" started-at="2016-11-23T09:33:32Z" finished-at="2016-11-23T09:33:45Z">
      <class name="com.p1.MavenTest">
        <test-method status="PASS" signature="setUp()[pri:0, instance:com.p1.MavenTest@5b275dab]" name="setUp" is-config="true" duration-ms="9684" started-at="2016-11-23T20:33:32Z" finished-at="2016-11-23T20:33:42Z">
          <reporter-output>
          </reporter-output>
        </test-method> <!-- setUp -->
        <test-method status="PASS" signature="disp()[pri:0, instance:com.p1.MavenTest@5b275dab]" name="disp" duration-ms="2050" started-at="2016-11-23T20:33:42Z" finished-at="2016-11-23T20:33:44Z">
          <reporter-output>
          </reporter-output>
        </test-method> <!-- disp -->
        <test-method status="PASS" signature="tearDown()[pri:0, instance:com.p1.MavenTest@5b275dab]" name="tearDown" is-config="true" duration-ms="541" started-at="2016-11-23T20:33:44Z" finished-at="2016-11-23T20:33:45Z">
          <reporter-output>
          </reporter-output>
        </test-method> <!-- tearDown -->
      </class> <!-- com.p1.MavenTest -->
    </test> <!-- Default test -->
  </suite> <!-- Default suite -->
</testng-results>
